Analysis & Synthesis report for Blinker
Wed Feb 12 18:07:30 2025
Quartus II 64-Bit Version 15.0.2 Build 153 07/15/2015 SJ Web Edition


---------------------
; Table of Contents ;
---------------------
  1. Legal Notice
  2. Analysis & Synthesis Summary
  3. Analysis & Synthesis Settings
  4. Parallel Compilation
  5. Analysis & Synthesis Source Files Read
  6. Analysis & Synthesis Resource Usage Summary
  7. Analysis & Synthesis Resource Utilization by Entity
  8. General Register Statistics
  9. Inverted Register Statistics
 10. Multiplexer Restructuring Statistics (Restructuring Performed)
 11. Parameter Settings for User Entity Instance: lpm_mux1:b2v_inst15|LPM_MUX:LPM_MUX_component
 12. Parameter Settings for User Entity Instance: diviseur:b2v_inst17
 13. Parameter Settings for User Entity Instance: diviseur:b2v_inst18
 14. Parameter Settings for User Entity Instance: diviseur:b2v_inst19
 15. Parameter Settings for User Entity Instance: diviseur:b2v_inst20
 16. Parameter Settings for User Entity Instance: diviseur:b2v_inst22
 17. Post-Synthesis Netlist Statistics for Top Partition
 18. Elapsed Time Per Partition
 19. Analysis & Synthesis Messages
 20. Analysis & Synthesis Suppressed Messages



----------------
; Legal Notice ;
----------------
Copyright (C) 1991-2015 Altera Corporation. All rights reserved.
Your use of Altera Corporation's design tools, logic functions 
and other software and tools, and its AMPP partner logic 
functions, and any output files from any of the foregoing 
(including device programming or simulation files), and any 
associated documentation or information are expressly subject 
to the terms and conditions of the Altera Program License 
Subscription Agreement, the Altera Quartus II License Agreement,
the Altera MegaCore Function License Agreement, or other 
applicable license agreement, including, without limitation, 
that your use is for the sole purpose of programming logic 
devices manufactured by Altera and sold by Altera or its 
authorized distributors.  Please refer to the applicable 
agreement for further details.



+------------------------------------------------------------------------------+
; Analysis & Synthesis Summary                                                 ;
+---------------------------------+--------------------------------------------+
; Analysis & Synthesis Status     ; Successful - Wed Feb 12 18:07:30 2025      ;
; Quartus II 64-Bit Version       ; 15.0.2 Build 153 07/15/2015 SJ Web Edition ;
; Revision Name                   ; Blinker                                    ;
; Top-level Entity Name           ; TPfinal2                                   ;
; Family                          ; Cyclone V                                  ;
; Logic utilization (in ALMs)     ; N/A                                        ;
; Total registers                 ; 203                                        ;
; Total pins                      ; 21                                         ;
; Total virtual pins              ; 0                                          ;
; Total block memory bits         ; 0                                          ;
; Total DSP Blocks                ; 0                                          ;
; Total HSSI RX PCSs              ; 0                                          ;
; Total HSSI PMA RX Deserializers ; 0                                          ;
; Total HSSI TX PCSs              ; 0                                          ;
; Total HSSI PMA TX Serializers   ; 0                                          ;
; Total PLLs                      ; 0                                          ;
; Total DLLs                      ; 0                                          ;
+---------------------------------+--------------------------------------------+


+---------------------------------------------------------------------------------------------------------------------------+
; Analysis & Synthesis Settings                                                                                             ;
+---------------------------------------------------------------------------------+--------------------+--------------------+
; Option                                                                          ; Setting            ; Default Value      ;
+---------------------------------------------------------------------------------+--------------------+--------------------+
; Device                                                                          ; 5CSEBA6U23I7       ;                    ;
; Top-level entity name                                                           ; TPfinal2           ; Blinker            ;
; Family name                                                                     ; Cyclone V          ; Cyclone V          ;
; Use smart compilation                                                           ; Off                ; Off                ;
; Enable parallel Assembler and TimeQuest Timing Analyzer during compilation      ; On                 ; On                 ;
; Enable compact report table                                                     ; Off                ; Off                ;
; Restructure Multiplexers                                                        ; Auto               ; Auto               ;
; MLAB Add Timing Constraints For Mixed-Port Feed-Through Mode Setting Don't Care ; Off                ; Off                ;
; Create Debugging Nodes for IP Cores                                             ; Off                ; Off                ;
; Preserve fewer node names                                                       ; On                 ; On                 ;
; Disable OpenCore Plus hardware evaluation                                       ; Off                ; Off                ;
; Verilog Version                                                                 ; Verilog_2001       ; Verilog_2001       ;
; VHDL Version                                                                    ; VHDL_1993          ; VHDL_1993          ;
; State Machine Processing                                                        ; Auto               ; Auto               ;
; Safe State Machine                                                              ; Off                ; Off                ;
; Extract Verilog State Machines                                                  ; On                 ; On                 ;
; Extract VHDL State Machines                                                     ; On                 ; On                 ;
; Ignore Verilog initial constructs                                               ; Off                ; Off                ;
; Iteration limit for constant Verilog loops                                      ; 5000               ; 5000               ;
; Iteration limit for non-constant Verilog loops                                  ; 250                ; 250                ;
; Add Pass-Through Logic to Inferred RAMs                                         ; On                 ; On                 ;
; Infer RAMs from Raw Logic                                                       ; On                 ; On                 ;
; Parallel Synthesis                                                              ; On                 ; On                 ;
; DSP Block Balancing                                                             ; Auto               ; Auto               ;
; NOT Gate Push-Back                                                              ; On                 ; On                 ;
; Power-Up Don't Care                                                             ; On                 ; On                 ;
; Remove Redundant Logic Cells                                                    ; Off                ; Off                ;
; Remove Duplicate Registers                                                      ; On                 ; On                 ;
; Ignore CARRY Buffers                                                            ; Off                ; Off                ;
; Ignore CASCADE Buffers                                                          ; Off                ; Off                ;
; Ignore GLOBAL Buffers                                                           ; Off                ; Off                ;
; Ignore ROW GLOBAL Buffers                                                       ; Off                ; Off                ;
; Ignore LCELL Buffers                                                            ; Off                ; Off                ;
; Ignore SOFT Buffers                                                             ; On                 ; On                 ;
; Limit AHDL Integers to 32 Bits                                                  ; Off                ; Off                ;
; Optimization Technique                                                          ; Balanced           ; Balanced           ;
; Carry Chain Length                                                              ; 70                 ; 70                 ;
; Auto Carry Chains                                                               ; On                 ; On                 ;
; Auto Open-Drain Pins                                                            ; On                 ; On                 ;
; Perform WYSIWYG Primitive Resynthesis                                           ; Off                ; Off                ;
; Auto ROM Replacement                                                            ; On                 ; On                 ;
; Auto RAM Replacement                                                            ; On                 ; On                 ;
; Auto DSP Block Replacement                                                      ; On                 ; On                 ;
; Auto Shift Register Replacement                                                 ; Auto               ; Auto               ;
; Allow Shift Register Merging across Hierarchies                                 ; Auto               ; Auto               ;
; Auto Clock Enable Replacement                                                   ; On                 ; On                 ;
; Strict RAM Replacement                                                          ; Off                ; Off                ;
; Allow Synchronous Control Signals                                               ; On                 ; On                 ;
; Force Use of Synchronous Clear Signals                                          ; Off                ; Off                ;
; Auto Resource Sharing                                                           ; Off                ; Off                ;
; Allow Any RAM Size For Recognition                                              ; Off                ; Off                ;
; Allow Any ROM Size For Recognition                                              ; Off                ; Off                ;
; Allow Any Shift Register Size For Recognition                                   ; Off                ; Off                ;
; Use LogicLock Constraints during Resource Balancing                             ; On                 ; On                 ;
; Ignore translate_off and synthesis_off directives                               ; Off                ; Off                ;
; Timing-Driven Synthesis                                                         ; On                 ; On                 ;
; Report Parameter Settings                                                       ; On                 ; On                 ;
; Report Source Assignments                                                       ; On                 ; On                 ;
; Report Connectivity Checks                                                      ; On                 ; On                 ;
; Ignore Maximum Fan-Out Assignments                                              ; Off                ; Off                ;
; Synchronization Register Chain Length                                           ; 3                  ; 3                  ;
; PowerPlay Power Optimization During Synthesis                                   ; Normal compilation ; Normal compilation ;
; HDL message level                                                               ; Level2             ; Level2             ;
; Suppress Register Optimization Related Messages                                 ; Off                ; Off                ;
; Number of Removed Registers Reported in Synthesis Report                        ; 5000               ; 5000               ;
; Number of Swept Nodes Reported in Synthesis Report                              ; 5000               ; 5000               ;
; Number of Inverted Registers Reported in Synthesis Report                       ; 100                ; 100                ;
; Clock MUX Protection                                                            ; On                 ; On                 ;
; Auto Gated Clock Conversion                                                     ; Off                ; Off                ;
; Block Design Naming                                                             ; Auto               ; Auto               ;
; SDC constraint protection                                                       ; Off                ; Off                ;
; Synthesis Effort                                                                ; Auto               ; Auto               ;
; Shift Register Replacement - Allow Asynchronous Clear Signal                    ; On                 ; On                 ;
; Pre-Mapping Resynthesis Optimization                                            ; Off                ; Off                ;
; Analysis & Synthesis Message Level                                              ; Medium             ; Medium             ;
; Disable Register Merging Across Hierarchies                                     ; Auto               ; Auto               ;
; Resource Aware Inference For Block RAM                                          ; On                 ; On                 ;
; Synthesis Seed                                                                  ; 1                  ; 1                  ;
; Automatic Parallel Synthesis                                                    ; On                 ; On                 ;
; Partial Reconfiguration Bitstream ID                                            ; Off                ; Off                ;
+---------------------------------------------------------------------------------+--------------------+--------------------+


Parallel compilation was disabled, but you have multiple processors available. Enable parallel compilation to reduce compilation time.
+-------------------------------------+
; Parallel Compilation                ;
+----------------------------+--------+
; Processors                 ; Number ;
+----------------------------+--------+
; Number detected on machine ; 8      ;
; Maximum allowed            ; 1      ;
+----------------------------+--------+


+-------------------------------------------------------------------------------------------------------------------------------------------------------------------------------+
; Analysis & Synthesis Source Files Read                                                                                                                                        ;
+-----------------------------------------+-----------------+------------------------------+--------------------------------------------------------------------------+---------+
; File Name with User-Entered Path        ; Used in Netlist ; File Type                    ; File Name with Absolute Path                                             ; Library ;
+-----------------------------------------+-----------------+------------------------------+--------------------------------------------------------------------------+---------+
; ../IP_Frequencemetre/lpm_mux1.vhd       ; yes             ; User Wizard-Generated File   ; C:/FPGA_Proj/IP_Frequencemetre/lpm_mux1.vhd                              ;         ;
; ../IP_Frequencemetre/latch_data.vhd     ; yes             ; User VHDL File               ; C:/FPGA_Proj/IP_Frequencemetre/latch_data.vhd                            ;         ;
; ../IP_Frequencemetre/Fenetre_Mesure.vhd ; yes             ; User VHDL File               ; C:/FPGA_Proj/IP_Frequencemetre/Fenetre_Mesure.vhd                        ;         ;
; ../IP_Frequencemetre/diviseur.vhd       ; yes             ; User VHDL File               ; C:/FPGA_Proj/IP_Frequencemetre/diviseur.vhd                              ;         ;
; ../IP_Frequencemetre/compteurN.vhd      ; yes             ; User VHDL File               ; C:/FPGA_Proj/IP_Frequencemetre/compteurN.vhd                             ;         ;
; ../IP_Frequencemetre/TPfinal2.vhd       ; yes             ; User VHDL File               ; C:/FPGA_Proj/IP_Frequencemetre/TPfinal2.vhd                              ;         ;
; lpm_mux.tdf                             ; yes             ; Megafunction                 ; c:/programs_2/altera/15.0/quartus/libraries/megafunctions/lpm_mux.tdf    ;         ;
; aglobal150.inc                          ; yes             ; Megafunction                 ; c:/programs_2/altera/15.0/quartus/libraries/megafunctions/aglobal150.inc ;         ;
; muxlut.inc                              ; yes             ; Megafunction                 ; c:/programs_2/altera/15.0/quartus/libraries/megafunctions/muxlut.inc     ;         ;
; bypassff.inc                            ; yes             ; Megafunction                 ; c:/programs_2/altera/15.0/quartus/libraries/megafunctions/bypassff.inc   ;         ;
; altshift.inc                            ; yes             ; Megafunction                 ; c:/programs_2/altera/15.0/quartus/libraries/megafunctions/altshift.inc   ;         ;
; db/mux_70e.tdf                          ; yes             ; Auto-Generated Megafunction  ; C:/FPGA_Proj/Blinker_NiosII/db/mux_70e.tdf                               ;         ;
+-----------------------------------------+-----------------+------------------------------+--------------------------------------------------------------------------+---------+


+-----------------------------------------------------------------+
; Analysis & Synthesis Resource Usage Summary                     ;
+---------------------------------------------+-------------------+
; Resource                                    ; Usage             ;
+---------------------------------------------+-------------------+
; Estimate of Logic utilization (ALMs needed) ; 151               ;
;                                             ;                   ;
; Combinational ALUT usage for logic          ; 250               ;
;     -- 7 input functions                    ; 0                 ;
;     -- 6 input functions                    ; 49                ;
;     -- 5 input functions                    ; 7                 ;
;     -- 4 input functions                    ; 10                ;
;     -- <=3 input functions                  ; 184               ;
;                                             ;                   ;
; Dedicated logic registers                   ; 203               ;
;                                             ;                   ;
; I/O pins                                    ; 21                ;
;                                             ;                   ;
; Total DSP Blocks                            ; 0                 ;
;                                             ;                   ;
; Maximum fan-out node                        ; clock_50Mhz~input ;
; Maximum fan-out                             ; 132               ;
; Total fan-out                               ; 1396              ;
; Average fan-out                             ; 2.82              ;
+---------------------------------------------+-------------------+


+-----------------------------------------------------------------------------------------------------------------------------------------------------------------------------------------------------------------------------+
; Analysis & Synthesis Resource Utilization by Entity                                                                                                                                                                         ;
+-----------------------------------+-------------------+--------------+-------------------+------------+------+--------------+--------------------------------------------------------------------------------+--------------+
; Compilation Hierarchy Node        ; LC Combinationals ; LC Registers ; Block Memory Bits ; DSP Blocks ; Pins ; Virtual Pins ; Full Hierarchy Name                                                            ; Library Name ;
+-----------------------------------+-------------------+--------------+-------------------+------------+------+--------------+--------------------------------------------------------------------------------+--------------+
; |TPfinal2                         ; 250 (0)           ; 203 (0)      ; 0                 ; 0          ; 21   ; 0            ; |TPfinal2                                                                      ; work         ;
;    |Fenetre_Mesure:b2v_inst21|    ; 7 (7)             ; 6 (6)        ; 0                 ; 0          ; 0    ; 0            ; |TPfinal2|Fenetre_Mesure:b2v_inst21                                            ; work         ;
;    |compteurN:b2v_inst1|          ; 25 (25)           ; 16 (16)      ; 0                 ; 0          ; 0    ; 0            ; |TPfinal2|compteurN:b2v_inst1                                                  ; work         ;
;    |diviseur:b2v_inst17|          ; 43 (43)           ; 33 (33)      ; 0                 ; 0          ; 0    ; 0            ; |TPfinal2|diviseur:b2v_inst17                                                  ; work         ;
;    |diviseur:b2v_inst18|          ; 43 (43)           ; 33 (33)      ; 0                 ; 0          ; 0    ; 0            ; |TPfinal2|diviseur:b2v_inst18                                                  ; work         ;
;    |diviseur:b2v_inst19|          ; 43 (43)           ; 33 (33)      ; 0                 ; 0          ; 0    ; 0            ; |TPfinal2|diviseur:b2v_inst19                                                  ; work         ;
;    |diviseur:b2v_inst20|          ; 43 (43)           ; 33 (33)      ; 0                 ; 0          ; 0    ; 0            ; |TPfinal2|diviseur:b2v_inst20                                                  ; work         ;
;    |diviseur:b2v_inst22|          ; 43 (43)           ; 33 (33)      ; 0                 ; 0          ; 0    ; 0            ; |TPfinal2|diviseur:b2v_inst22                                                  ; work         ;
;    |latch_data:b2v_inst24|        ; 0 (0)             ; 4 (4)        ; 0                 ; 0          ; 0    ; 0            ; |TPfinal2|latch_data:b2v_inst24                                                ; work         ;
;    |latch_data:b2v_inst25|        ; 0 (0)             ; 4 (4)        ; 0                 ; 0          ; 0    ; 0            ; |TPfinal2|latch_data:b2v_inst25                                                ; work         ;
;    |latch_data:b2v_inst26|        ; 0 (0)             ; 4 (4)        ; 0                 ; 0          ; 0    ; 0            ; |TPfinal2|latch_data:b2v_inst26                                                ; work         ;
;    |latch_data:b2v_inst27|        ; 0 (0)             ; 4 (4)        ; 0                 ; 0          ; 0    ; 0            ; |TPfinal2|latch_data:b2v_inst27                                                ; work         ;
;    |lpm_mux1:b2v_inst15|          ; 3 (0)             ; 0 (0)        ; 0                 ; 0          ; 0    ; 0            ; |TPfinal2|lpm_mux1:b2v_inst15                                                  ; work         ;
;       |lpm_mux:LPM_MUX_component| ; 3 (0)             ; 0 (0)        ; 0                 ; 0          ; 0    ; 0            ; |TPfinal2|lpm_mux1:b2v_inst15|lpm_mux:LPM_MUX_component                        ; work         ;
;          |mux_70e:auto_generated| ; 3 (3)             ; 0 (0)        ; 0                 ; 0          ; 0    ; 0            ; |TPfinal2|lpm_mux1:b2v_inst15|lpm_mux:LPM_MUX_component|mux_70e:auto_generated ; work         ;
+-----------------------------------+-------------------+--------------+-------------------+------------+------+--------------+--------------------------------------------------------------------------------+--------------+
Note: For table entries with two numbers listed, the numbers in parentheses indicate the number of resources of the given type used by the specific entity alone. The numbers listed outside of parentheses indicate the total resources of the given type used by the specific entity and all of its sub-entities in the hierarchy.


+------------------------------------------------------+
; General Register Statistics                          ;
+----------------------------------------------+-------+
; Statistic                                    ; Value ;
+----------------------------------------------+-------+
; Total registers                              ; 203   ;
; Number of registers using Synchronous Clear  ; 160   ;
; Number of registers using Synchronous Load   ; 0     ;
; Number of registers using Asynchronous Clear ; 37    ;
; Number of registers using Asynchronous Load  ; 0     ;
; Number of registers using Clock Enable       ; 14    ;
; Number of registers using Preset             ; 0     ;
+----------------------------------------------+-------+


+----------------------------------------------------+
; Inverted Register Statistics                       ;
+------------------------------------------+---------+
; Inverted Register                        ; Fan out ;
+------------------------------------------+---------+
; Fenetre_Mesure:b2v_inst21|reset_compteur ; 17      ;
; Total number of inverted registers = 1   ;         ;
+------------------------------------------+---------+


+---------------------------------------------------------------------------------------------------------------------------------------------------------------+
; Multiplexer Restructuring Statistics (Restructuring Performed)                                                                                                ;
+--------------------+-----------+---------------+----------------------+------------------------+------------+-------------------------------------------------+
; Multiplexer Inputs ; Bus Width ; Baseline Area ; Area if Restructured ; Saving if Restructured ; Registered ; Example Multiplexer Output                      ;
+--------------------+-----------+---------------+----------------------+------------------------+------------+-------------------------------------------------+
; 3:1                ; 4 bits    ; 8 LEs         ; 4 LEs                ; 4 LEs                  ; Yes        ; |TPfinal2|compteurN:b2v_inst1|count_m[3]        ;
; 4:1                ; 4 bits    ; 8 LEs         ; 8 LEs                ; 0 LEs                  ; Yes        ; |TPfinal2|compteurN:b2v_inst1|count_c[2]        ;
; 4:1                ; 2 bits    ; 4 LEs         ; 2 LEs                ; 2 LEs                  ; Yes        ; |TPfinal2|Fenetre_Mesure:b2v_inst21|enable_temp ;
; 5:1                ; 4 bits    ; 12 LEs        ; 8 LEs                ; 4 LEs                  ; Yes        ; |TPfinal2|compteurN:b2v_inst1|count_d[0]        ;
; 5:1                ; 4 bits    ; 12 LEs        ; 12 LEs               ; 0 LEs                  ; Yes        ; |TPfinal2|compteurN:b2v_inst1|count_u[0]        ;
+--------------------+-----------+---------------+----------------------+------------------------+------------+-------------------------------------------------+


+--------------------------------------------------------------------------------------------+
; Parameter Settings for User Entity Instance: lpm_mux1:b2v_inst15|LPM_MUX:LPM_MUX_component ;
+------------------------+-----------+-------------------------------------------------------+
; Parameter Name         ; Value     ; Type                                                  ;
+------------------------+-----------+-------------------------------------------------------+
; AUTO_CARRY_CHAINS      ; ON        ; AUTO_CARRY                                            ;
; IGNORE_CARRY_BUFFERS   ; OFF       ; IGNORE_CARRY                                          ;
; AUTO_CASCADE_CHAINS    ; ON        ; AUTO_CASCADE                                          ;
; IGNORE_CASCADE_BUFFERS ; OFF       ; IGNORE_CASCADE                                        ;
; LPM_WIDTH              ; 1         ; Signed Integer                                        ;
; LPM_SIZE               ; 4         ; Signed Integer                                        ;
; LPM_WIDTHS             ; 2         ; Signed Integer                                        ;
; LPM_PIPELINE           ; 0         ; Signed Integer                                        ;
; CBXI_PARAMETER         ; mux_70e   ; Untyped                                               ;
; DEVICE_FAMILY          ; Cyclone V ; Untyped                                               ;
+------------------------+-----------+-------------------------------------------------------+
Note: In order to hide this table in the UI and the text report file, please set the "Show Parameter Settings in Synthesis Report" option in "Analysis and Synthesis Settings -> More Settings" to "Off".


+------------------------------------------------------------------+
; Parameter Settings for User Entity Instance: diviseur:b2v_inst17 ;
+----------------+-------+-----------------------------------------+
; Parameter Name ; Value ; Type                                    ;
+----------------+-------+-----------------------------------------+
; m              ; 10    ; Signed Integer                          ;
+----------------+-------+-----------------------------------------+
Note: In order to hide this table in the UI and the text report file, please set the "Show Parameter Settings in Synthesis Report" option in "Analysis and Synthesis Settings -> More Settings" to "Off".


+------------------------------------------------------------------+
; Parameter Settings for User Entity Instance: diviseur:b2v_inst18 ;
+----------------+-------+-----------------------------------------+
; Parameter Name ; Value ; Type                                    ;
+----------------+-------+-----------------------------------------+
; m              ; 100   ; Signed Integer                          ;
+----------------+-------+-----------------------------------------+
Note: In order to hide this table in the UI and the text report file, please set the "Show Parameter Settings in Synthesis Report" option in "Analysis and Synthesis Settings -> More Settings" to "Off".


+------------------------------------------------------------------+
; Parameter Settings for User Entity Instance: diviseur:b2v_inst19 ;
+----------------+-------+-----------------------------------------+
; Parameter Name ; Value ; Type                                    ;
+----------------+-------+-----------------------------------------+
; m              ; 1000  ; Signed Integer                          ;
+----------------+-------+-----------------------------------------+
Note: In order to hide this table in the UI and the text report file, please set the "Show Parameter Settings in Synthesis Report" option in "Analysis and Synthesis Settings -> More Settings" to "Off".


+------------------------------------------------------------------+
; Parameter Settings for User Entity Instance: diviseur:b2v_inst20 ;
+----------------+-------+-----------------------------------------+
; Parameter Name ; Value ; Type                                    ;
+----------------+-------+-----------------------------------------+
; m              ; 10000 ; Signed Integer                          ;
+----------------+-------+-----------------------------------------+
Note: In order to hide this table in the UI and the text report file, please set the "Show Parameter Settings in Synthesis Report" option in "Analysis and Synthesis Settings -> More Settings" to "Off".


+------------------------------------------------------------------+
; Parameter Settings for User Entity Instance: diviseur:b2v_inst22 ;
+----------------+-------+-----------------------------------------+
; Parameter Name ; Value ; Type                                    ;
+----------------+-------+-----------------------------------------+
; m              ; 1     ; Signed Integer                          ;
+----------------+-------+-----------------------------------------+
Note: In order to hide this table in the UI and the text report file, please set the "Show Parameter Settings in Synthesis Report" option in "Analysis and Synthesis Settings -> More Settings" to "Off".


+-----------------------------------------------------+
; Post-Synthesis Netlist Statistics for Top Partition ;
+-----------------------+-----------------------------+
; Type                  ; Count                       ;
+-----------------------+-----------------------------+
; arriav_ff             ; 203                         ;
;     CLR               ; 23                          ;
;     ENA CLR           ; 14                          ;
;     SCLR              ; 160                         ;
;     plain             ; 6                           ;
; arriav_lcell_comb     ; 250                         ;
;     arith             ; 160                         ;
;         1 data inputs ; 160                         ;
;     normal            ; 90                          ;
;         1 data inputs ; 3                           ;
;         2 data inputs ; 8                           ;
;         3 data inputs ; 13                          ;
;         4 data inputs ; 10                          ;
;         5 data inputs ; 7                           ;
;         6 data inputs ; 49                          ;
; boundary_port         ; 21                          ;
;                       ;                             ;
; Max LUT depth         ; 6.60                        ;
; Average LUT depth     ; 4.97                        ;
+-----------------------+-----------------------------+


+-------------------------------+
; Elapsed Time Per Partition    ;
+----------------+--------------+
; Partition Name ; Elapsed Time ;
+----------------+--------------+
; Top            ; 00:00:01     ;
+----------------+--------------+


+-------------------------------+
; Analysis & Synthesis Messages ;
+-------------------------------+
Info: *******************************************************************
Info: Running Quartus II 64-Bit Analysis & Synthesis
    Info: Version 15.0.2 Build 153 07/15/2015 SJ Web Edition
    Info: Processing started: Wed Feb 12 17:49:36 2025
Info: Command: quartus_map --read_settings_files=on --write_settings_files=off Blinker -c Blinker
Warning (20028): Parallel compilation is not licensed and has been disabled
Info (12021): Found 1 design units, including 1 entities, in source file test.bdf
    Info (12023): Found entity 1: Test
Info (12021): Found 2 design units, including 1 entities, in source file /fpga_proj/ip_frequencemetre/lpm_mux1.vhd
    Info (12022): Found design unit 1: lpm_mux1-SYN
    Info (12023): Found entity 1: lpm_mux1
Info (12021): Found 2 design units, including 1 entities, in source file /fpga_proj/ip_frequencemetre/lpm_mux0.vhd
    Info (12022): Found design unit 1: lpm_mux0-SYN
    Info (12023): Found entity 1: lpm_mux0
Info (12021): Found 2 design units, including 1 entities, in source file /fpga_proj/ip_frequencemetre/latch_data.vhd
    Info (12022): Found design unit 1: latch_data-behav
    Info (12023): Found entity 1: latch_data
Info (12021): Found 2 design units, including 1 entities, in source file /fpga_proj/ip_frequencemetre/fenetre_mesure.vhd
    Info (12022): Found design unit 1: Fenetre_Mesure-behav
    Info (12023): Found entity 1: Fenetre_Mesure
Info (12021): Found 2 design units, including 1 entities, in source file /fpga_proj/ip_frequencemetre/diviseur.vhd
    Info (12022): Found design unit 1: diviseur-rtl
    Info (12023): Found entity 1: diviseur
Info (12021): Found 2 design units, including 1 entities, in source file /fpga_proj/ip_frequencemetre/compteurn.vhd
    Info (12022): Found design unit 1: compteurN-myarchitecture
    Info (12023): Found entity 1: compteurN
Info (12021): Found 2 design units, including 1 entities, in source file /fpga_proj/ip_frequencemetre/compt_latch.vhd
    Info (12022): Found design unit 1: compt_latch-behav
    Info (12023): Found entity 1: compt_latch
Info (12021): Found 2 design units, including 1 entities, in source file /fpga_proj/ip_frequencemetre/tpfinal2.vhd
    Info (12022): Found design unit 1: TPfinal2-bdf_type
    Info (12023): Found entity 1: TPfinal2
Info (12021): Found 1 design units, including 1 entities, in source file de1_blinker/synthesis/de1_blinker.v
    Info (12023): Found entity 1: de1_blinker
Info (12021): Found 1 design units, including 1 entities, in source file de1_blinker/synthesis/submodules/altera_reset_controller.v
    Info (12023): Found entity 1: altera_reset_controller
Info (12021): Found 1 design units, including 1 entities, in source file de1_blinker/synthesis/submodules/altera_reset_synchronizer.v
    Info (12023): Found entity 1: altera_reset_synchronizer
Info (12021): Found 1 design units, including 1 entities, in source file de1_blinker/synthesis/submodules/de1_blinker_irq_mapper.sv
    Info (12023): Found entity 1: de1_blinker_irq_mapper
Info (12021): Found 1 design units, including 1 entities, in source file de1_blinker/synthesis/submodules/de1_blinker_mm_interconnect_0.v
    Info (12023): Found entity 1: de1_blinker_mm_interconnect_0
Info (12021): Found 1 design units, including 1 entities, in source file de1_blinker/synthesis/submodules/de1_blinker_mm_interconnect_0_avalon_st_adapter.v
    Info (12023): Found entity 1: de1_blinker_mm_interconnect_0_avalon_st_adapter
Info (12021): Found 1 design units, including 1 entities, in source file de1_blinker/synthesis/submodules/de1_blinker_mm_interconnect_0_avalon_st_adapter_error_adapter_0.sv
    Info (12023): Found entity 1: de1_blinker_mm_interconnect_0_avalon_st_adapter_error_adapter_0
Info (12021): Found 2 design units, including 2 entities, in source file de1_blinker/synthesis/submodules/altera_merlin_arbitrator.sv
    Info (12023): Found entity 1: altera_merlin_arbitrator
    Info (12023): Found entity 2: altera_merlin_arb_adder
Info (12021): Found 1 design units, including 1 entities, in source file de1_blinker/synthesis/submodules/de1_blinker_mm_interconnect_0_rsp_mux_001.sv
    Info (12023): Found entity 1: de1_blinker_mm_interconnect_0_rsp_mux_001
Info (12021): Found 1 design units, including 1 entities, in source file de1_blinker/synthesis/submodules/de1_blinker_mm_interconnect_0_rsp_mux.sv
    Info (12023): Found entity 1: de1_blinker_mm_interconnect_0_rsp_mux
Info (12021): Found 1 design units, including 1 entities, in source file de1_blinker/synthesis/submodules/de1_blinker_mm_interconnect_0_rsp_demux.sv
    Info (12023): Found entity 1: de1_blinker_mm_interconnect_0_rsp_demux
Info (12021): Found 1 design units, including 1 entities, in source file de1_blinker/synthesis/submodules/de1_blinker_mm_interconnect_0_cmd_mux_002.sv
    Info (12023): Found entity 1: de1_blinker_mm_interconnect_0_cmd_mux_002
Info (12021): Found 1 design units, including 1 entities, in source file de1_blinker/synthesis/submodules/de1_blinker_mm_interconnect_0_cmd_mux.sv
    Info (12023): Found entity 1: de1_blinker_mm_interconnect_0_cmd_mux
Info (12021): Found 1 design units, including 1 entities, in source file de1_blinker/synthesis/submodules/de1_blinker_mm_interconnect_0_cmd_demux_001.sv
    Info (12023): Found entity 1: de1_blinker_mm_interconnect_0_cmd_demux_001
Info (12021): Found 1 design units, including 1 entities, in source file de1_blinker/synthesis/submodules/de1_blinker_mm_interconnect_0_cmd_demux.sv
    Info (12023): Found entity 1: de1_blinker_mm_interconnect_0_cmd_demux
Info (12021): Found 2 design units, including 2 entities, in source file de1_blinker/synthesis/submodules/de1_blinker_mm_interconnect_0_router_004.sv
    Info (12023): Found entity 1: de1_blinker_mm_interconnect_0_router_004_default_decode
    Info (12023): Found entity 2: de1_blinker_mm_interconnect_0_router_004
Info (12021): Found 2 design units, including 2 entities, in source file de1_blinker/synthesis/submodules/de1_blinker_mm_interconnect_0_router_002.sv
    Info (12023): Found entity 1: de1_blinker_mm_interconnect_0_router_002_default_decode
    Info (12023): Found entity 2: de1_blinker_mm_interconnect_0_router_002
Info (12021): Found 2 design units, including 2 entities, in source file de1_blinker/synthesis/submodules/de1_blinker_mm_interconnect_0_router_001.sv
    Info (12023): Found entity 1: de1_blinker_mm_interconnect_0_router_001_default_decode
    Info (12023): Found entity 2: de1_blinker_mm_interconnect_0_router_001
Info (12021): Found 2 design units, including 2 entities, in source file de1_blinker/synthesis/submodules/de1_blinker_mm_interconnect_0_router.sv
    Info (12023): Found entity 1: de1_blinker_mm_interconnect_0_router_default_decode
    Info (12023): Found entity 2: de1_blinker_mm_interconnect_0_router
Info (12021): Found 1 design units, including 1 entities, in source file de1_blinker/synthesis/submodules/altera_avalon_sc_fifo.v
    Info (12023): Found entity 1: altera_avalon_sc_fifo
Info (12021): Found 1 design units, including 1 entities, in source file de1_blinker/synthesis/submodules/altera_merlin_slave_agent.sv
    Info (12023): Found entity 1: altera_merlin_slave_agent
Info (12021): Found 1 design units, including 1 entities, in source file de1_blinker/synthesis/submodules/altera_merlin_burst_uncompressor.sv
    Info (12023): Found entity 1: altera_merlin_burst_uncompressor
Info (12021): Found 1 design units, including 1 entities, in source file de1_blinker/synthesis/submodules/altera_merlin_master_agent.sv
    Info (12023): Found entity 1: altera_merlin_master_agent
Info (12021): Found 1 design units, including 1 entities, in source file de1_blinker/synthesis/submodules/altera_merlin_slave_translator.sv
    Info (12023): Found entity 1: altera_merlin_slave_translator
Info (12021): Found 1 design units, including 1 entities, in source file de1_blinker/synthesis/submodules/altera_merlin_master_translator.sv
    Info (12023): Found entity 1: altera_merlin_master_translator
Info (12021): Found 1 design units, including 1 entities, in source file de1_blinker/synthesis/submodules/de1_blinker_sysid_1337.v
    Info (12023): Found entity 1: de1_blinker_sysid_1337
Info (12021): Found 1 design units, including 1 entities, in source file de1_blinker/synthesis/submodules/de1_blinker_onchip_memory.v
    Info (12023): Found entity 1: de1_blinker_onchip_memory
Info (12021): Found 21 design units, including 21 entities, in source file de1_blinker/synthesis/submodules/de1_blinker_nios2_proc.v
    Info (12023): Found entity 1: de1_blinker_nios2_proc_register_bank_a_module
    Info (12023): Found entity 2: de1_blinker_nios2_proc_register_bank_b_module
    Info (12023): Found entity 3: de1_blinker_nios2_proc_nios2_oci_debug
    Info (12023): Found entity 4: de1_blinker_nios2_proc_ociram_sp_ram_module
    Info (12023): Found entity 5: de1_blinker_nios2_proc_nios2_ocimem
    Info (12023): Found entity 6: de1_blinker_nios2_proc_nios2_avalon_reg
    Info (12023): Found entity 7: de1_blinker_nios2_proc_nios2_oci_break
    Info (12023): Found entity 8: de1_blinker_nios2_proc_nios2_oci_xbrk
    Info (12023): Found entity 9: de1_blinker_nios2_proc_nios2_oci_dbrk
    Info (12023): Found entity 10: de1_blinker_nios2_proc_nios2_oci_itrace
    Info (12023): Found entity 11: de1_blinker_nios2_proc_nios2_oci_td_mode
    Info (12023): Found entity 12: de1_blinker_nios2_proc_nios2_oci_dtrace
    Info (12023): Found entity 13: de1_blinker_nios2_proc_nios2_oci_compute_input_tm_cnt
    Info (12023): Found entity 14: de1_blinker_nios2_proc_nios2_oci_fifo_wrptr_inc
    Info (12023): Found entity 15: de1_blinker_nios2_proc_nios2_oci_fifo_cnt_inc
    Info (12023): Found entity 16: de1_blinker_nios2_proc_nios2_oci_fifo
    Info (12023): Found entity 17: de1_blinker_nios2_proc_nios2_oci_pib
    Info (12023): Found entity 18: de1_blinker_nios2_proc_nios2_oci_im
    Info (12023): Found entity 19: de1_blinker_nios2_proc_nios2_performance_monitors
    Info (12023): Found entity 20: de1_blinker_nios2_proc_nios2_oci
    Info (12023): Found entity 21: de1_blinker_nios2_proc
Info (12021): Found 1 design units, including 1 entities, in source file de1_blinker/synthesis/submodules/de1_blinker_nios2_proc_jtag_debug_module_sysclk.v
    Info (12023): Found entity 1: de1_blinker_nios2_proc_jtag_debug_module_sysclk
Info (12021): Found 1 design units, including 1 entities, in source file de1_blinker/synthesis/submodules/de1_blinker_nios2_proc_jtag_debug_module_tck.v
    Info (12023): Found entity 1: de1_blinker_nios2_proc_jtag_debug_module_tck
Info (12021): Found 1 design units, including 1 entities, in source file de1_blinker/synthesis/submodules/de1_blinker_nios2_proc_jtag_debug_module_wrapper.v
    Info (12023): Found entity 1: de1_blinker_nios2_proc_jtag_debug_module_wrapper
Info (12021): Found 1 design units, including 1 entities, in source file de1_blinker/synthesis/submodules/de1_blinker_nios2_proc_oci_test_bench.v
    Info (12023): Found entity 1: de1_blinker_nios2_proc_oci_test_bench
Info (12021): Found 1 design units, including 1 entities, in source file de1_blinker/synthesis/submodules/de1_blinker_nios2_proc_test_bench.v
    Info (12023): Found entity 1: de1_blinker_nios2_proc_test_bench
Info (12021): Found 5 design units, including 5 entities, in source file de1_blinker/synthesis/submodules/de1_blinker_jtag_uart_0.v
    Info (12023): Found entity 1: de1_blinker_jtag_uart_0_sim_scfifo_w
    Info (12023): Found entity 2: de1_blinker_jtag_uart_0_scfifo_w
    Info (12023): Found entity 3: de1_blinker_jtag_uart_0_sim_scfifo_r
    Info (12023): Found entity 4: de1_blinker_jtag_uart_0_scfifo_r
    Info (12023): Found entity 5: de1_blinker_jtag_uart_0
Info (12021): Found 1 design units, including 1 entities, in source file de1_blinker/synthesis/submodules/de1_blinker_seven_seg_1.v
    Info (12023): Found entity 1: de1_blinker_Seven_Seg_1
Info (12021): Found 1 design units, including 1 entities, in source file de1_blinker/synthesis/submodules/de1_blinker_centaines.v
    Info (12023): Found entity 1: de1_blinker_Centaines
Info (12021): Found 1 design units, including 1 entities, in source file de1_blinker/synthesis/submodules/de1_blinker_calibration.v
    Info (12023): Found entity 1: de1_blinker_Calibration
Info (12127): Elaborating entity "TPfinal2" for the top level hierarchy
Info (12128): Elaborating entity "compteurN" for hierarchy "compteurN:b2v_inst1"
Warning (10492): VHDL Process Statement warning at compteurN.vhd(42): signal "enable" is read inside the Process Statement but isn't in the Process Statement's sensitivity list
Info (12128): Elaborating entity "lpm_mux1" for hierarchy "lpm_mux1:b2v_inst15"
Info (12128): Elaborating entity "LPM_MUX" for hierarchy "lpm_mux1:b2v_inst15|LPM_MUX:LPM_MUX_component"
Info (12130): Elaborated megafunction instantiation "lpm_mux1:b2v_inst15|LPM_MUX:LPM_MUX_component"
Info (12133): Instantiated megafunction "lpm_mux1:b2v_inst15|LPM_MUX:LPM_MUX_component" with the following parameter:
    Info (12134): Parameter "LPM_WIDTH" = "1"
    Info (12134): Parameter "LPM_SIZE" = "4"
    Info (12134): Parameter "LPM_WIDTHS" = "2"
    Info (12134): Parameter "LPM_PIPELINE" = "0"
    Info (12134): Parameter "LPM_TYPE" = "LPM_MUX"
    Info (12134): Parameter "LPM_HINT" = "UNUSED"
Info (12021): Found 1 design units, including 1 entities, in source file db/mux_70e.tdf
    Info (12023): Found entity 1: mux_70e
Info (12128): Elaborating entity "mux_70e" for hierarchy "lpm_mux1:b2v_inst15|LPM_MUX:LPM_MUX_component|mux_70e:auto_generated"
Info (12128): Elaborating entity "diviseur" for hierarchy "diviseur:b2v_inst17"
Info (12128): Elaborating entity "diviseur" for hierarchy "diviseur:b2v_inst18"
Info (12128): Elaborating entity "diviseur" for hierarchy "diviseur:b2v_inst19"
Info (12128): Elaborating entity "diviseur" for hierarchy "diviseur:b2v_inst20"
Info (12128): Elaborating entity "Fenetre_Mesure" for hierarchy "Fenetre_Mesure:b2v_inst21"
Info (12128): Elaborating entity "diviseur" for hierarchy "diviseur:b2v_inst22"
Info (12128): Elaborating entity "latch_data" for hierarchy "latch_data:b2v_inst24"
Warning (10492): VHDL Process Statement warning at latch_data.vhd(30): signal "reset" is read inside the Process Statement but isn't in the Process Statement's sensitivity list
Warning (19016): Clock multiplexers are found and protected
    Warning (19017): Found clock multiplexer lpm_mux1:b2v_inst15|lpm_mux:LPM_MUX_component|mux_70e:auto_generated|l2_w0_n0_mux_dataout~0
Info (286030): Timing-Driven Synthesis is running
Warning (20013): Ignored assignments for entity "altera_avalon_sc_fifo" -- entity does not exist in design
    Warning (20014): Assignment for entity set_global_assignment -name IP_TOOL_NAME altera_avalon_sc_fifo -entity altera_avalon_sc_fifo -qip de1_blinker/synthesis/de1_blinker.qip -library de1_blinker was ignored
    Warning (20014): Assignment for entity set_global_assignment -name IP_TOOL_VERSION 15.0 -entity altera_avalon_sc_fifo -qip de1_blinker/synthesis/de1_blinker.qip -library de1_blinker was ignored
    Warning (20014): Assignment for entity set_global_assignment -name IP_TOOL_ENV Qsys -entity altera_avalon_sc_fifo -qip de1_blinker/synthesis/de1_blinker.qip -library de1_blinker was ignored
Warning (20013): Ignored assignments for entity "altera_merlin_master_agent" -- entity does not exist in design
    Warning (20014): Assignment for entity set_global_assignment -name IP_TOOL_NAME altera_merlin_master_agent -entity altera_merlin_master_agent -qip de1_blinker/synthesis/de1_blinker.qip -library de1_blinker was ignored
    Warning (20014): Assignment for entity set_global_assignment -name IP_TOOL_VERSION 15.0 -entity altera_merlin_master_agent -qip de1_blinker/synthesis/de1_blinker.qip -library de1_blinker was ignored
    Warning (20014): Assignment for entity set_global_assignment -name IP_TOOL_ENV Qsys -entity altera_merlin_master_agent -qip de1_blinker/synthesis/de1_blinker.qip -library de1_blinker was ignored
Warning (20013): Ignored assignments for entity "altera_merlin_master_translator" -- entity does not exist in design
    Warning (20014): Assignment for entity set_global_assignment -name IP_TOOL_NAME altera_merlin_master_translator -entity altera_merlin_master_translator -qip de1_blinker/synthesis/de1_blinker.qip -library de1_blinker was ignored
    Warning (20014): Assignment for entity set_global_assignment -name IP_TOOL_VERSION 15.0 -entity altera_merlin_master_translator -qip de1_blinker/synthesis/de1_blinker.qip -library de1_blinker was ignored
    Warning (20014): Assignment for entity set_global_assignment -name IP_TOOL_ENV Qsys -entity altera_merlin_master_translator -qip de1_blinker/synthesis/de1_blinker.qip -library de1_blinker was ignored
Warning (20013): Ignored assignments for entity "altera_merlin_slave_agent" -- entity does not exist in design
    Warning (20014): Assignment for entity set_global_assignment -name IP_TOOL_NAME altera_merlin_slave_agent -entity altera_merlin_slave_agent -qip de1_blinker/synthesis/de1_blinker.qip -library de1_blinker was ignored
    Warning (20014): Assignment for entity set_global_assignment -name IP_TOOL_VERSION 15.0 -entity altera_merlin_slave_agent -qip de1_blinker/synthesis/de1_blinker.qip -library de1_blinker was ignored
    Warning (20014): Assignment for entity set_global_assignment -name IP_TOOL_ENV Qsys -entity altera_merlin_slave_agent -qip de1_blinker/synthesis/de1_blinker.qip -library de1_blinker was ignored
Warning (20013): Ignored assignments for entity "altera_merlin_slave_translator" -- entity does not exist in design
    Warning (20014): Assignment for entity set_global_assignment -name IP_TOOL_NAME altera_merlin_slave_translator -entity altera_merlin_slave_translator -qip de1_blinker/synthesis/de1_blinker.qip -library de1_blinker was ignored
    Warning (20014): Assignment for entity set_global_assignment -name IP_TOOL_VERSION 15.0 -entity altera_merlin_slave_translator -qip de1_blinker/synthesis/de1_blinker.qip -library de1_blinker was ignored
    Warning (20014): Assignment for entity set_global_assignment -name IP_TOOL_ENV Qsys -entity altera_merlin_slave_translator -qip de1_blinker/synthesis/de1_blinker.qip -library de1_blinker was ignored
Warning (20013): Ignored assignments for entity "altera_reset_controller" -- entity does not exist in design
    Warning (20014): Assignment for entity set_global_assignment -name IP_TOOL_NAME altera_reset_controller -entity altera_reset_controller -qip de1_blinker/synthesis/de1_blinker.qip -library de1_blinker was ignored
    Warning (20014): Assignment for entity set_global_assignment -name IP_TOOL_VERSION 15.0 -entity altera_reset_controller -qip de1_blinker/synthesis/de1_blinker.qip -library de1_blinker was ignored
    Warning (20014): Assignment for entity set_global_assignment -name IP_TOOL_ENV Qsys -entity altera_reset_controller -qip de1_blinker/synthesis/de1_blinker.qip -library de1_blinker was ignored
Warning (20013): Ignored assignments for entity "de1_blinker" -- entity does not exist in design
    Warning (20014): Assignment for entity set_global_assignment -name IP_GENERATED_DEVICE_FAMILY "\{Cyclone V\}" -entity de1_blinker -qip de1_blinker/synthesis/de1_blinker.qip -library de1_blinker was ignored
    Warning (20014): Assignment for entity set_global_assignment -name IP_TARGETED_DEVICE_FAMILY "Cyclone V" -entity de1_blinker -qip de1_blinker/synthesis/de1_blinker.qip -library de1_blinker was ignored
    Warning (20014): Assignment for entity set_global_assignment -name IP_QSYS_MODE SYSTEM -entity de1_blinker -qip de1_blinker/synthesis/de1_blinker.qip -library de1_blinker was ignored
    Warning (20014): Assignment for entity set_global_assignment -name IP_TOOL_NAME Qsys -entity de1_blinker -qip de1_blinker/synthesis/de1_blinker.qip -library de1_blinker was ignored
    Warning (20014): Assignment for entity set_global_assignment -name IP_TOOL_VERSION 15.0 -entity de1_blinker -qip de1_blinker/synthesis/de1_blinker.qip -library de1_blinker was ignored
    Warning (20014): Assignment for entity set_global_assignment -name IP_TOOL_ENV Qsys -entity de1_blinker -qip de1_blinker/synthesis/de1_blinker.qip -library de1_blinker was ignored
    Warning (20014): Assignment for entity set_global_assignment -name SLD_INFO "QSYS_NAME de1_blinker HAS_SOPCINFO 1 GENERATION_ID 1739302195" -entity de1_blinker -qip de1_blinker/synthesis/de1_blinker.qip -library de1_blinker was ignored
Warning (20013): Ignored assignments for entity "de1_blinker_Calibration" -- entity does not exist in design
    Warning (20014): Assignment for entity set_global_assignment -name IP_TOOL_NAME altera_avalon_pio -entity de1_blinker_Calibration -qip de1_blinker/synthesis/de1_blinker.qip -library de1_blinker was ignored
    Warning (20014): Assignment for entity set_global_assignment -name IP_TOOL_VERSION 15.0 -entity de1_blinker_Calibration -qip de1_blinker/synthesis/de1_blinker.qip -library de1_blinker was ignored
    Warning (20014): Assignment for entity set_global_assignment -name IP_TOOL_ENV Qsys -entity de1_blinker_Calibration -qip de1_blinker/synthesis/de1_blinker.qip -library de1_blinker was ignored
Warning (20013): Ignored assignments for entity "de1_blinker_Centaines" -- entity does not exist in design
    Warning (20014): Assignment for entity set_global_assignment -name IP_TOOL_NAME altera_avalon_pio -entity de1_blinker_Centaines -qip de1_blinker/synthesis/de1_blinker.qip -library de1_blinker was ignored
    Warning (20014): Assignment for entity set_global_assignment -name IP_TOOL_VERSION 15.0 -entity de1_blinker_Centaines -qip de1_blinker/synthesis/de1_blinker.qip -library de1_blinker was ignored
    Warning (20014): Assignment for entity set_global_assignment -name IP_TOOL_ENV Qsys -entity de1_blinker_Centaines -qip de1_blinker/synthesis/de1_blinker.qip -library de1_blinker was ignored
Warning (20013): Ignored assignments for entity "de1_blinker_Seven_Seg_1" -- entity does not exist in design
    Warning (20014): Assignment for entity set_global_assignment -name IP_TOOL_NAME altera_avalon_pio -entity de1_blinker_Seven_Seg_1 -qip de1_blinker/synthesis/de1_blinker.qip -library de1_blinker was ignored
    Warning (20014): Assignment for entity set_global_assignment -name IP_TOOL_VERSION 15.0 -entity de1_blinker_Seven_Seg_1 -qip de1_blinker/synthesis/de1_blinker.qip -library de1_blinker was ignored
    Warning (20014): Assignment for entity set_global_assignment -name IP_TOOL_ENV Qsys -entity de1_blinker_Seven_Seg_1 -qip de1_blinker/synthesis/de1_blinker.qip -library de1_blinker was ignored
Warning (20013): Ignored assignments for entity "de1_blinker_irq_mapper" -- entity does not exist in design
    Warning (20014): Assignment for entity set_global_assignment -name IP_TOOL_NAME altera_irq_mapper -entity de1_blinker_irq_mapper -qip de1_blinker/synthesis/de1_blinker.qip -library de1_blinker was ignored
    Warning (20014): Assignment for entity set_global_assignment -name IP_TOOL_VERSION 15.0 -entity de1_blinker_irq_mapper -qip de1_blinker/synthesis/de1_blinker.qip -library de1_blinker was ignored
    Warning (20014): Assignment for entity set_global_assignment -name IP_TOOL_ENV Qsys -entity de1_blinker_irq_mapper -qip de1_blinker/synthesis/de1_blinker.qip -library de1_blinker was ignored
Warning (20013): Ignored assignments for entity "de1_blinker_jtag_uart_0" -- entity does not exist in design
    Warning (20014): Assignment for entity set_global_assignment -name IP_TOOL_NAME altera_avalon_jtag_uart -entity de1_blinker_jtag_uart_0 -qip de1_blinker/synthesis/de1_blinker.qip -library de1_blinker was ignored
    Warning (20014): Assignment for entity set_global_assignment -name IP_TOOL_VERSION 15.0 -entity de1_blinker_jtag_uart_0 -qip de1_blinker/synthesis/de1_blinker.qip -library de1_blinker was ignored
    Warning (20014): Assignment for entity set_global_assignment -name IP_TOOL_ENV Qsys -entity de1_blinker_jtag_uart_0 -qip de1_blinker/synthesis/de1_blinker.qip -library de1_blinker was ignored
Warning (20013): Ignored assignments for entity "de1_blinker_mm_interconnect_0" -- entity does not exist in design
    Warning (20014): Assignment for entity set_global_assignment -name IP_TOOL_NAME altera_mm_interconnect -entity de1_blinker_mm_interconnect_0 -qip de1_blinker/synthesis/de1_blinker.qip -library de1_blinker was ignored
    Warning (20014): Assignment for entity set_global_assignment -name IP_TOOL_VERSION 15.0 -entity de1_blinker_mm_interconnect_0 -qip de1_blinker/synthesis/de1_blinker.qip -library de1_blinker was ignored
    Warning (20014): Assignment for entity set_global_assignment -name IP_TOOL_ENV Qsys -entity de1_blinker_mm_interconnect_0 -qip de1_blinker/synthesis/de1_blinker.qip -library de1_blinker was ignored
Warning (20013): Ignored assignments for entity "de1_blinker_mm_interconnect_0_avalon_st_adapter" -- entity does not exist in design
    Warning (20014): Assignment for entity set_global_assignment -name IP_TOOL_NAME altera_avalon_st_adapter -entity de1_blinker_mm_interconnect_0_avalon_st_adapter -qip de1_blinker/synthesis/de1_blinker.qip -library de1_blinker was ignored
    Warning (20014): Assignment for entity set_global_assignment -name IP_TOOL_VERSION 15.0 -entity de1_blinker_mm_interconnect_0_avalon_st_adapter -qip de1_blinker/synthesis/de1_blinker.qip -library de1_blinker was ignored
    Warning (20014): Assignment for entity set_global_assignment -name IP_TOOL_ENV Qsys -entity de1_blinker_mm_interconnect_0_avalon_st_adapter -qip de1_blinker/synthesis/de1_blinker.qip -library de1_blinker was ignored
Warning (20013): Ignored assignments for entity "de1_blinker_mm_interconnect_0_avalon_st_adapter_error_adapter_0" -- entity does not exist in design
    Warning (20014): Assignment for entity set_global_assignment -name IP_TOOL_NAME error_adapter -entity de1_blinker_mm_interconnect_0_avalon_st_adapter_error_adapter_0 -qip de1_blinker/synthesis/de1_blinker.qip -library de1_blinker was ignored
    Warning (20014): Assignment for entity set_global_assignment -name IP_TOOL_VERSION 15.0 -entity de1_blinker_mm_interconnect_0_avalon_st_adapter_error_adapter_0 -qip de1_blinker/synthesis/de1_blinker.qip -library de1_blinker was ignored
    Warning (20014): Assignment for entity set_global_assignment -name IP_TOOL_ENV Qsys -entity de1_blinker_mm_interconnect_0_avalon_st_adapter_error_adapter_0 -qip de1_blinker/synthesis/de1_blinker.qip -library de1_blinker was ignored
Warning (20013): Ignored assignments for entity "de1_blinker_mm_interconnect_0_cmd_demux" -- entity does not exist in design
    Warning (20014): Assignment for entity set_global_assignment -name IP_TOOL_NAME altera_merlin_demultiplexer -entity de1_blinker_mm_interconnect_0_cmd_demux -qip de1_blinker/synthesis/de1_blinker.qip -library de1_blinker was ignored
    Warning (20014): Assignment for entity set_global_assignment -name IP_TOOL_VERSION 15.0 -entity de1_blinker_mm_interconnect_0_cmd_demux -qip de1_blinker/synthesis/de1_blinker.qip -library de1_blinker was ignored
    Warning (20014): Assignment for entity set_global_assignment -name IP_TOOL_ENV Qsys -entity de1_blinker_mm_interconnect_0_cmd_demux -qip de1_blinker/synthesis/de1_blinker.qip -library de1_blinker was ignored
Warning (20013): Ignored assignments for entity "de1_blinker_mm_interconnect_0_cmd_demux_001" -- entity does not exist in design
    Warning (20014): Assignment for entity set_global_assignment -name IP_TOOL_NAME altera_merlin_demultiplexer -entity de1_blinker_mm_interconnect_0_cmd_demux_001 -qip de1_blinker/synthesis/de1_blinker.qip -library de1_blinker was ignored
    Warning (20014): Assignment for entity set_global_assignment -name IP_TOOL_VERSION 15.0 -entity de1_blinker_mm_interconnect_0_cmd_demux_001 -qip de1_blinker/synthesis/de1_blinker.qip -library de1_blinker was ignored
    Warning (20014): Assignment for entity set_global_assignment -name IP_TOOL_ENV Qsys -entity de1_blinker_mm_interconnect_0_cmd_demux_001 -qip de1_blinker/synthesis/de1_blinker.qip -library de1_blinker was ignored
Warning (20013): Ignored assignments for entity "de1_blinker_mm_interconnect_0_cmd_mux" -- entity does not exist in design
    Warning (20014): Assignment for entity set_global_assignment -name IP_TOOL_NAME altera_merlin_multiplexer -entity de1_blinker_mm_interconnect_0_cmd_mux -qip de1_blinker/synthesis/de1_blinker.qip -library de1_blinker was ignored
    Warning (20014): Assignment for entity set_global_assignment -name IP_TOOL_VERSION 15.0 -entity de1_blinker_mm_interconnect_0_cmd_mux -qip de1_blinker/synthesis/de1_blinker.qip -library de1_blinker was ignored
    Warning (20014): Assignment for entity set_global_assignment -name IP_TOOL_ENV Qsys -entity de1_blinker_mm_interconnect_0_cmd_mux -qip de1_blinker/synthesis/de1_blinker.qip -library de1_blinker was ignored
Warning (20013): Ignored assignments for entity "de1_blinker_mm_interconnect_0_cmd_mux_002" -- entity does not exist in design
    Warning (20014): Assignment for entity set_global_assignment -name IP_TOOL_NAME altera_merlin_multiplexer -entity de1_blinker_mm_interconnect_0_cmd_mux_002 -qip de1_blinker/synthesis/de1_blinker.qip -library de1_blinker was ignored
    Warning (20014): Assignment for entity set_global_assignment -name IP_TOOL_VERSION 15.0 -entity de1_blinker_mm_interconnect_0_cmd_mux_002 -qip de1_blinker/synthesis/de1_blinker.qip -library de1_blinker was ignored
    Warning (20014): Assignment for entity set_global_assignment -name IP_TOOL_ENV Qsys -entity de1_blinker_mm_interconnect_0_cmd_mux_002 -qip de1_blinker/synthesis/de1_blinker.qip -library de1_blinker was ignored
Warning (20013): Ignored assignments for entity "de1_blinker_mm_interconnect_0_router" -- entity does not exist in design
    Warning (20014): Assignment for entity set_global_assignment -name IP_TOOL_NAME altera_merlin_router -entity de1_blinker_mm_interconnect_0_router -qip de1_blinker/synthesis/de1_blinker.qip -library de1_blinker was ignored
    Warning (20014): Assignment for entity set_global_assignment -name IP_TOOL_VERSION 15.0 -entity de1_blinker_mm_interconnect_0_router -qip de1_blinker/synthesis/de1_blinker.qip -library de1_blinker was ignored
    Warning (20014): Assignment for entity set_global_assignment -name IP_TOOL_ENV Qsys -entity de1_blinker_mm_interconnect_0_router -qip de1_blinker/synthesis/de1_blinker.qip -library de1_blinker was ignored
Warning (20013): Ignored assignments for entity "de1_blinker_mm_interconnect_0_router_001" -- entity does not exist in design
    Warning (20014): Assignment for entity set_global_assignment -name IP_TOOL_NAME altera_merlin_router -entity de1_blinker_mm_interconnect_0_router_001 -qip de1_blinker/synthesis/de1_blinker.qip -library de1_blinker was ignored
    Warning (20014): Assignment for entity set_global_assignment -name IP_TOOL_VERSION 15.0 -entity de1_blinker_mm_interconnect_0_router_001 -qip de1_blinker/synthesis/de1_blinker.qip -library de1_blinker was ignored
    Warning (20014): Assignment for entity set_global_assignment -name IP_TOOL_ENV Qsys -entity de1_blinker_mm_interconnect_0_router_001 -qip de1_blinker/synthesis/de1_blinker.qip -library de1_blinker was ignored
Warning (20013): Ignored assignments for entity "de1_blinker_mm_interconnect_0_router_002" -- entity does not exist in design
    Warning (20014): Assignment for entity set_global_assignment -name IP_TOOL_NAME altera_merlin_router -entity de1_blinker_mm_interconnect_0_router_002 -qip de1_blinker/synthesis/de1_blinker.qip -library de1_blinker was ignored
    Warning (20014): Assignment for entity set_global_assignment -name IP_TOOL_VERSION 15.0 -entity de1_blinker_mm_interconnect_0_router_002 -qip de1_blinker/synthesis/de1_blinker.qip -library de1_blinker was ignored
    Warning (20014): Assignment for entity set_global_assignment -name IP_TOOL_ENV Qsys -entity de1_blinker_mm_interconnect_0_router_002 -qip de1_blinker/synthesis/de1_blinker.qip -library de1_blinker was ignored
Warning (20013): Ignored assignments for entity "de1_blinker_mm_interconnect_0_router_004" -- entity does not exist in design
    Warning (20014): Assignment for entity set_global_assignment -name IP_TOOL_NAME altera_merlin_router -entity de1_blinker_mm_interconnect_0_router_004 -qip de1_blinker/synthesis/de1_blinker.qip -library de1_blinker was ignored
    Warning (20014): Assignment for entity set_global_assignment -name IP_TOOL_VERSION 15.0 -entity de1_blinker_mm_interconnect_0_router_004 -qip de1_blinker/synthesis/de1_blinker.qip -library de1_blinker was ignored
    Warning (20014): Assignment for entity set_global_assignment -name IP_TOOL_ENV Qsys -entity de1_blinker_mm_interconnect_0_router_004 -qip de1_blinker/synthesis/de1_blinker.qip -library de1_blinker was ignored
Warning (20013): Ignored assignments for entity "de1_blinker_mm_interconnect_0_rsp_demux" -- entity does not exist in design
    Warning (20014): Assignment for entity set_global_assignment -name IP_TOOL_NAME altera_merlin_demultiplexer -entity de1_blinker_mm_interconnect_0_rsp_demux -qip de1_blinker/synthesis/de1_blinker.qip -library de1_blinker was ignored
    Warning (20014): Assignment for entity set_global_assignment -name IP_TOOL_VERSION 15.0 -entity de1_blinker_mm_interconnect_0_rsp_demux -qip de1_blinker/synthesis/de1_blinker.qip -library de1_blinker was ignored
    Warning (20014): Assignment for entity set_global_assignment -name IP_TOOL_ENV Qsys -entity de1_blinker_mm_interconnect_0_rsp_demux -qip de1_blinker/synthesis/de1_blinker.qip -library de1_blinker was ignored
Warning (20013): Ignored assignments for entity "de1_blinker_mm_interconnect_0_rsp_mux" -- entity does not exist in design
    Warning (20014): Assignment for entity set_global_assignment -name IP_TOOL_NAME altera_merlin_multiplexer -entity de1_blinker_mm_interconnect_0_rsp_mux -qip de1_blinker/synthesis/de1_blinker.qip -library de1_blinker was ignored
    Warning (20014): Assignment for entity set_global_assignment -name IP_TOOL_VERSION 15.0 -entity de1_blinker_mm_interconnect_0_rsp_mux -qip de1_blinker/synthesis/de1_blinker.qip -library de1_blinker was ignored
    Warning (20014): Assignment for entity set_global_assignment -name IP_TOOL_ENV Qsys -entity de1_blinker_mm_interconnect_0_rsp_mux -qip de1_blinker/synthesis/de1_blinker.qip -library de1_blinker was ignored
Warning (20013): Ignored assignments for entity "de1_blinker_mm_interconnect_0_rsp_mux_001" -- entity does not exist in design
    Warning (20014): Assignment for entity set_global_assignment -name IP_TOOL_NAME altera_merlin_multiplexer -entity de1_blinker_mm_interconnect_0_rsp_mux_001 -qip de1_blinker/synthesis/de1_blinker.qip -library de1_blinker was ignored
    Warning (20014): Assignment for entity set_global_assignment -name IP_TOOL_VERSION 15.0 -entity de1_blinker_mm_interconnect_0_rsp_mux_001 -qip de1_blinker/synthesis/de1_blinker.qip -library de1_blinker was ignored
    Warning (20014): Assignment for entity set_global_assignment -name IP_TOOL_ENV Qsys -entity de1_blinker_mm_interconnect_0_rsp_mux_001 -qip de1_blinker/synthesis/de1_blinker.qip -library de1_blinker was ignored
Warning (20013): Ignored assignments for entity "de1_blinker_nios2_proc" -- entity does not exist in design
    Warning (20014): Assignment for entity set_global_assignment -name IP_TOOL_NAME altera_nios2_qsys -entity de1_blinker_nios2_proc -qip de1_blinker/synthesis/de1_blinker.qip -library de1_blinker was ignored
    Warning (20014): Assignment for entity set_global_assignment -name IP_TOOL_VERSION 15.0 -entity de1_blinker_nios2_proc -qip de1_blinker/synthesis/de1_blinker.qip -library de1_blinker was ignored
    Warning (20014): Assignment for entity set_global_assignment -name IP_TOOL_ENV Qsys -entity de1_blinker_nios2_proc -qip de1_blinker/synthesis/de1_blinker.qip -library de1_blinker was ignored
Warning (20013): Ignored assignments for entity "de1_blinker_onchip_memory" -- entity does not exist in design
    Warning (20014): Assignment for entity set_global_assignment -name IP_TOOL_NAME altera_avalon_onchip_memory2 -entity de1_blinker_onchip_memory -qip de1_blinker/synthesis/de1_blinker.qip -library de1_blinker was ignored
    Warning (20014): Assignment for entity set_global_assignment -name IP_TOOL_VERSION 15.0 -entity de1_blinker_onchip_memory -qip de1_blinker/synthesis/de1_blinker.qip -library de1_blinker was ignored
    Warning (20014): Assignment for entity set_global_assignment -name IP_TOOL_ENV Qsys -entity de1_blinker_onchip_memory -qip de1_blinker/synthesis/de1_blinker.qip -library de1_blinker was ignored
Warning (20013): Ignored assignments for entity "de1_blinker_sysid_1337" -- entity does not exist in design
    Warning (20014): Assignment for entity set_global_assignment -name IP_TOOL_NAME altera_avalon_sysid_qsys -entity de1_blinker_sysid_1337 -qip de1_blinker/synthesis/de1_blinker.qip -library de1_blinker was ignored
    Warning (20014): Assignment for entity set_global_assignment -name IP_TOOL_VERSION 15.0 -entity de1_blinker_sysid_1337 -qip de1_blinker/synthesis/de1_blinker.qip -library de1_blinker was ignored
    Warning (20014): Assignment for entity set_global_assignment -name IP_TOOL_ENV Qsys -entity de1_blinker_sysid_1337 -qip de1_blinker/synthesis/de1_blinker.qip -library de1_blinker was ignored
Info (144001): Generated suppressed messages file C:/FPGA_Proj/Blinker_NiosII/output_files/Blinker.map.smsg
Info (16010): Generating hard_block partition "hard_block:auto_generated_inst"
    Info (16011): Adding 0 node(s), including 0 DDIO, 0 PLL, 0 transceiver and 0 LCELL
Info (21057): Implemented 449 device resources after synthesis - the final resource count might be different
    Info (21058): Implemented 5 input pins
    Info (21059): Implemented 16 output pins
    Info (21061): Implemented 428 logic cells
Info: Quartus II 64-Bit Analysis & Synthesis was successful. 0 errors, 125 warnings
    Info: Peak virtual memory: 4923 megabytes
    Info: Processing ended: Wed Feb 12 18:07:30 2025
    Info: Elapsed time: 00:17:54
    Info: Total CPU time (on all processors): 00:00:11


+------------------------------------------+
; Analysis & Synthesis Suppressed Messages ;
+------------------------------------------+
The suppressed messages can be found in C:/FPGA_Proj/Blinker_NiosII/output_files/Blinker.map.smsg.


