EDA Netlist Writer report for Blinker
Wed Feb 12 18:35:24 2025
Quartus II 64-Bit Version 15.0.2 Build 153 07/15/2015 SJ Web Edition


---------------------
; Table of Contents ;
---------------------
  1. Legal Notice
  2. EDA Netlist Writer Summary
  3. Simulation Settings
  4. Simulation Generated Files
  5. EDA Netlist Writer Messages



----------------
; Legal Notice ;
----------------
Copyright (C) 1991-2015 Altera Corporation. All rights reserved.
Your use of Altera Corporation's design tools, logic functions 
and other software and tools, and its AMPP partner logic 
functions, and any output files from any of the foregoing 
(including device programming or simulation files), and any 
associated documentation or information are expressly subject 
to the terms and conditions of the Altera Program License 
Subscription Agreement, the Altera Quartus II License Agreement,
the Altera MegaCore Function License Agreement, or other 
applicable license agreement, including, without limitation, 
that your use is for the sole purpose of programming logic 
devices manufactured by Altera and sold by Altera or its 
authorized distributors.  Please refer to the applicable 
agreement for further details.



+-------------------------------------------------------------------+
; EDA Netlist Writer Summary                                        ;
+---------------------------+---------------------------------------+
; EDA Netlist Writer Status ; Successful - Wed Feb 12 18:35:24 2025 ;
; Revision Name             ; Blinker                               ;
; Top-level Entity Name     ; TPfinal2                              ;
; Family                    ; Cyclone V                             ;
; Simulation Files Creation ; Successful                            ;
+---------------------------+---------------------------------------+


+-------------------------------------------------------------------------------------------------------------------------------+
; Simulation Settings                                                                                                           ;
+---------------------------------------------------------------------------------------------------+---------------------------+
; Option                                                                                            ; Setting                   ;
+---------------------------------------------------------------------------------------------------+---------------------------+
; Tool Name                                                                                         ; ModelSim-Altera (Verilog) ;
; Generate netlist for functional simulation only                                                   ; On                        ;
; Truncate long hierarchy paths                                                                     ; Off                       ;
; Map illegal HDL characters                                                                        ; Off                       ;
; Flatten buses into individual nodes                                                               ; Off                       ;
; Maintain hierarchy                                                                                ; Off                       ;
; Bring out device-wide set/reset signals as ports                                                  ; Off                       ;
; Enable glitch filtering                                                                           ; Off                       ;
; Do not write top level VHDL entity                                                                ; Off                       ;
; Disable detection of setup and hold time violations in the input registers of bi-directional pins ; Off                       ;
; Architecture name in VHDL output netlist                                                          ; structure                 ;
; Generate third-party EDA tool command script for RTL functional simulation                        ; Off                       ;
; Generate third-party EDA tool command script for gate-level simulation                            ; Off                       ;
+---------------------------------------------------------------------------------------------------+---------------------------+


+---------------------------------------------------------+
; Simulation Generated Files                              ;
+---------------------------------------------------------+
; Generated Files                                         ;
+---------------------------------------------------------+
; C:/FPGA_Proj/Blinker_NiosII/simulation/qsim//Blinker.vo ;
+---------------------------------------------------------+


+-----------------------------+
; EDA Netlist Writer Messages ;
+-----------------------------+
Info: *******************************************************************
Info: Running Quartus II 64-Bit EDA Netlist Writer
    Info: Version 15.0.2 Build 153 07/15/2015 SJ Web Edition
    Info: Copyright (C) 1991-2015 Altera Corporation. All rights reserved.
    Info: Your use of Altera Corporation's design tools, logic functions 
    Info: and other software and tools, and its AMPP partner logic 
    Info: functions, and any output files from any of the foregoing 
    Info: (including device programming or simulation files), and any 
    Info: associated documentation or information are expressly subject 
    Info: to the terms and conditions of the Altera Program License 
    Info: Subscription Agreement, the Altera Quartus II License Agreement,
    Info: the Altera MegaCore Function License Agreement, or other 
    Info: applicable license agreement, including, without limitation, 
    Info: that your use is for the sole purpose of programming logic 
    Info: devices manufactured by Altera and sold by Altera or its 
    Info: authorized distributors.  Please refer to the applicable 
    Info: agreement for further details.
    Info: Processing started: Wed Feb 12 18:35:23 2025
Info: Command: quartus_eda --write_settings_files=off --functional=on --flatten_buses=off --simulation=on --tool=modelsim_oem --format=verilog --output_directory=C:/FPGA_Proj/Blinker_NiosII/simulation/qsim/ Blinker -c Blinker
Warning (20013): Ignored assignments for entity "altera_avalon_sc_fifo" -- entity does not exist in design
    Warning (20014): Assignment for entity set_global_assignment -name IP_TOOL_NAME altera_avalon_sc_fifo -entity altera_avalon_sc_fifo -qip de1_blinker/synthesis/de1_blinker.qip -library de1_blinker was ignored
    Warning (20014): Assignment for entity set_global_assignment -name IP_TOOL_VERSION 15.0 -entity altera_avalon_sc_fifo -qip de1_blinker/synthesis/de1_blinker.qip -library de1_blinker was ignored
    Warning (20014): Assignment for entity set_global_assignment -name IP_TOOL_ENV Qsys -entity altera_avalon_sc_fifo -qip de1_blinker/synthesis/de1_blinker.qip -library de1_blinker was ignored
Warning (20013): Ignored assignments for entity "altera_merlin_master_agent" -- entity does not exist in design
    Warning (20014): Assignment for entity set_global_assignment -name IP_TOOL_NAME altera_merlin_master_agent -entity altera_merlin_master_agent -qip de1_blinker/synthesis/de1_blinker.qip -library de1_blinker was ignored
    Warning (20014): Assignment for entity set_global_assignment -name IP_TOOL_VERSION 15.0 -entity altera_merlin_master_agent -qip de1_blinker/synthesis/de1_blinker.qip -library de1_blinker was ignored
    Warning (20014): Assignment for entity set_global_assignment -name IP_TOOL_ENV Qsys -entity altera_merlin_master_agent -qip de1_blinker/synthesis/de1_blinker.qip -library de1_blinker was ignored
Warning (20013): Ignored assignments for entity "altera_merlin_master_translator" -- entity does not exist in design
    Warning (20014): Assignment for entity set_global_assignment -name IP_TOOL_NAME altera_merlin_master_translator -entity altera_merlin_master_translator -qip de1_blinker/synthesis/de1_blinker.qip -library de1_blinker was ignored
    Warning (20014): Assignment for entity set_global_assignment -name IP_TOOL_VERSION 15.0 -entity altera_merlin_master_translator -qip de1_blinker/synthesis/de1_blinker.qip -library de1_blinker was ignored
    Warning (20014): Assignment for entity set_global_assignment -name IP_TOOL_ENV Qsys -entity altera_merlin_master_translator -qip de1_blinker/synthesis/de1_blinker.qip -library de1_blinker was ignored
Warning (20013): Ignored assignments for entity "altera_merlin_slave_agent" -- entity does not exist in design
    Warning (20014): Assignment for entity set_global_assignment -name IP_TOOL_NAME altera_merlin_slave_agent -entity altera_merlin_slave_agent -qip de1_blinker/synthesis/de1_blinker.qip -library de1_blinker was ignored
    Warning (20014): Assignment for entity set_global_assignment -name IP_TOOL_VERSION 15.0 -entity altera_merlin_slave_agent -qip de1_blinker/synthesis/de1_blinker.qip -library de1_blinker was ignored
    Warning (20014): Assignment for entity set_global_assignment -name IP_TOOL_ENV Qsys -entity altera_merlin_slave_agent -qip de1_blinker/synthesis/de1_blinker.qip -library de1_blinker was ignored
Warning (20013): Ignored assignments for entity "altera_merlin_slave_translator" -- entity does not exist in design
    Warning (20014): Assignment for entity set_global_assignment -name IP_TOOL_NAME altera_merlin_slave_translator -entity altera_merlin_slave_translator -qip de1_blinker/synthesis/de1_blinker.qip -library de1_blinker was ignored
    Warning (20014): Assignment for entity set_global_assignment -name IP_TOOL_VERSION 15.0 -entity altera_merlin_slave_translator -qip de1_blinker/synthesis/de1_blinker.qip -library de1_blinker was ignored
    Warning (20014): Assignment for entity set_global_assignment -name IP_TOOL_ENV Qsys -entity altera_merlin_slave_translator -qip de1_blinker/synthesis/de1_blinker.qip -library de1_blinker was ignored
Warning (20013): Ignored assignments for entity "altera_reset_controller" -- entity does not exist in design
    Warning (20014): Assignment for entity set_global_assignment -name IP_TOOL_NAME altera_reset_controller -entity altera_reset_controller -qip de1_blinker/synthesis/de1_blinker.qip -library de1_blinker was ignored
    Warning (20014): Assignment for entity set_global_assignment -name IP_TOOL_VERSION 15.0 -entity altera_reset_controller -qip de1_blinker/synthesis/de1_blinker.qip -library de1_blinker was ignored
    Warning (20014): Assignment for entity set_global_assignment -name IP_TOOL_ENV Qsys -entity altera_reset_controller -qip de1_blinker/synthesis/de1_blinker.qip -library de1_blinker was ignored
Warning (20013): Ignored assignments for entity "de1_blinker" -- entity does not exist in design
    Warning (20014): Assignment for entity set_global_assignment -name IP_GENERATED_DEVICE_FAMILY "\{Cyclone V\}" -entity de1_blinker -qip de1_blinker/synthesis/de1_blinker.qip -library de1_blinker was ignored
    Warning (20014): Assignment for entity set_global_assignment -name IP_TARGETED_DEVICE_FAMILY "Cyclone V" -entity de1_blinker -qip de1_blinker/synthesis/de1_blinker.qip -library de1_blinker was ignored
    Warning (20014): Assignment for entity set_global_assignment -name IP_QSYS_MODE SYSTEM -entity de1_blinker -qip de1_blinker/synthesis/de1_blinker.qip -library de1_blinker was ignored
    Warning (20014): Assignment for entity set_global_assignment -name IP_TOOL_NAME Qsys -entity de1_blinker -qip de1_blinker/synthesis/de1_blinker.qip -library de1_blinker was ignored
    Warning (20014): Assignment for entity set_global_assignment -name IP_TOOL_VERSION 15.0 -entity de1_blinker -qip de1_blinker/synthesis/de1_blinker.qip -library de1_blinker was ignored
    Warning (20014): Assignment for entity set_global_assignment -name IP_TOOL_ENV Qsys -entity de1_blinker -qip de1_blinker/synthesis/de1_blinker.qip -library de1_blinker was ignored
    Warning (20014): Assignment for entity set_global_assignment -name SLD_INFO "QSYS_NAME de1_blinker HAS_SOPCINFO 1 GENERATION_ID 1739302195" -entity de1_blinker -qip de1_blinker/synthesis/de1_blinker.qip -library de1_blinker was ignored
Warning (20013): Ignored assignments for entity "de1_blinker_Calibration" -- entity does not exist in design
    Warning (20014): Assignment for entity set_global_assignment -name IP_TOOL_NAME altera_avalon_pio -entity de1_blinker_Calibration -qip de1_blinker/synthesis/de1_blinker.qip -library de1_blinker was ignored
    Warning (20014): Assignment for entity set_global_assignment -name IP_TOOL_VERSION 15.0 -entity de1_blinker_Calibration -qip de1_blinker/synthesis/de1_blinker.qip -library de1_blinker was ignored
    Warning (20014): Assignment for entity set_global_assignment -name IP_TOOL_ENV Qsys -entity de1_blinker_Calibration -qip de1_blinker/synthesis/de1_blinker.qip -library de1_blinker was ignored
Warning (20013): Ignored assignments for entity "de1_blinker_Centaines" -- entity does not exist in design
    Warning (20014): Assignment for entity set_global_assignment -name IP_TOOL_NAME altera_avalon_pio -entity de1_blinker_Centaines -qip de1_blinker/synthesis/de1_blinker.qip -library de1_blinker was ignored
    Warning (20014): Assignment for entity set_global_assignment -name IP_TOOL_VERSION 15.0 -entity de1_blinker_Centaines -qip de1_blinker/synthesis/de1_blinker.qip -library de1_blinker was ignored
    Warning (20014): Assignment for entity set_global_assignment -name IP_TOOL_ENV Qsys -entity de1_blinker_Centaines -qip de1_blinker/synthesis/de1_blinker.qip -library de1_blinker was ignored
Warning (20013): Ignored assignments for entity "de1_blinker_Seven_Seg_1" -- entity does not exist in design
    Warning (20014): Assignment for entity set_global_assignment -name IP_TOOL_NAME altera_avalon_pio -entity de1_blinker_Seven_Seg_1 -qip de1_blinker/synthesis/de1_blinker.qip -library de1_blinker was ignored
    Warning (20014): Assignment for entity set_global_assignment -name IP_TOOL_VERSION 15.0 -entity de1_blinker_Seven_Seg_1 -qip de1_blinker/synthesis/de1_blinker.qip -library de1_blinker was ignored
    Warning (20014): Assignment for entity set_global_assignment -name IP_TOOL_ENV Qsys -entity de1_blinker_Seven_Seg_1 -qip de1_blinker/synthesis/de1_blinker.qip -library de1_blinker was ignored
Warning (20013): Ignored assignments for entity "de1_blinker_irq_mapper" -- entity does not exist in design
    Warning (20014): Assignment for entity set_global_assignment -name IP_TOOL_NAME altera_irq_mapper -entity de1_blinker_irq_mapper -qip de1_blinker/synthesis/de1_blinker.qip -library de1_blinker was ignored
    Warning (20014): Assignment for entity set_global_assignment -name IP_TOOL_VERSION 15.0 -entity de1_blinker_irq_mapper -qip de1_blinker/synthesis/de1_blinker.qip -library de1_blinker was ignored
    Warning (20014): Assignment for entity set_global_assignment -name IP_TOOL_ENV Qsys -entity de1_blinker_irq_mapper -qip de1_blinker/synthesis/de1_blinker.qip -library de1_blinker was ignored
Warning (20013): Ignored assignments for entity "de1_blinker_jtag_uart_0" -- entity does not exist in design
    Warning (20014): Assignment for entity set_global_assignment -name IP_TOOL_NAME altera_avalon_jtag_uart -entity de1_blinker_jtag_uart_0 -qip de1_blinker/synthesis/de1_blinker.qip -library de1_blinker was ignored
    Warning (20014): Assignment for entity set_global_assignment -name IP_TOOL_VERSION 15.0 -entity de1_blinker_jtag_uart_0 -qip de1_blinker/synthesis/de1_blinker.qip -library de1_blinker was ignored
    Warning (20014): Assignment for entity set_global_assignment -name IP_TOOL_ENV Qsys -entity de1_blinker_jtag_uart_0 -qip de1_blinker/synthesis/de1_blinker.qip -library de1_blinker was ignored
Warning (20013): Ignored assignments for entity "de1_blinker_mm_interconnect_0" -- entity does not exist in design
    Warning (20014): Assignment for entity set_global_assignment -name IP_TOOL_NAME altera_mm_interconnect -entity de1_blinker_mm_interconnect_0 -qip de1_blinker/synthesis/de1_blinker.qip -library de1_blinker was ignored
    Warning (20014): Assignment for entity set_global_assignment -name IP_TOOL_VERSION 15.0 -entity de1_blinker_mm_interconnect_0 -qip de1_blinker/synthesis/de1_blinker.qip -library de1_blinker was ignored
    Warning (20014): Assignment for entity set_global_assignment -name IP_TOOL_ENV Qsys -entity de1_blinker_mm_interconnect_0 -qip de1_blinker/synthesis/de1_blinker.qip -library de1_blinker was ignored
Warning (20013): Ignored assignments for entity "de1_blinker_mm_interconnect_0_avalon_st_adapter" -- entity does not exist in design
    Warning (20014): Assignment for entity set_global_assignment -name IP_TOOL_NAME altera_avalon_st_adapter -entity de1_blinker_mm_interconnect_0_avalon_st_adapter -qip de1_blinker/synthesis/de1_blinker.qip -library de1_blinker was ignored
    Warning (20014): Assignment for entity set_global_assignment -name IP_TOOL_VERSION 15.0 -entity de1_blinker_mm_interconnect_0_avalon_st_adapter -qip de1_blinker/synthesis/de1_blinker.qip -library de1_blinker was ignored
    Warning (20014): Assignment for entity set_global_assignment -name IP_TOOL_ENV Qsys -entity de1_blinker_mm_interconnect_0_avalon_st_adapter -qip de1_blinker/synthesis/de1_blinker.qip -library de1_blinker was ignored
Warning (20013): Ignored assignments for entity "de1_blinker_mm_interconnect_0_avalon_st_adapter_error_adapter_0" -- entity does not exist in design
    Warning (20014): Assignment for entity set_global_assignment -name IP_TOOL_NAME error_adapter -entity de1_blinker_mm_interconnect_0_avalon_st_adapter_error_adapter_0 -qip de1_blinker/synthesis/de1_blinker.qip -library de1_blinker was ignored
    Warning (20014): Assignment for entity set_global_assignment -name IP_TOOL_VERSION 15.0 -entity de1_blinker_mm_interconnect_0_avalon_st_adapter_error_adapter_0 -qip de1_blinker/synthesis/de1_blinker.qip -library de1_blinker was ignored
    Warning (20014): Assignment for entity set_global_assignment -name IP_TOOL_ENV Qsys -entity de1_blinker_mm_interconnect_0_avalon_st_adapter_error_adapter_0 -qip de1_blinker/synthesis/de1_blinker.qip -library de1_blinker was ignored
Warning (20013): Ignored assignments for entity "de1_blinker_mm_interconnect_0_cmd_demux" -- entity does not exist in design
    Warning (20014): Assignment for entity set_global_assignment -name IP_TOOL_NAME altera_merlin_demultiplexer -entity de1_blinker_mm_interconnect_0_cmd_demux -qip de1_blinker/synthesis/de1_blinker.qip -library de1_blinker was ignored
    Warning (20014): Assignment for entity set_global_assignment -name IP_TOOL_VERSION 15.0 -entity de1_blinker_mm_interconnect_0_cmd_demux -qip de1_blinker/synthesis/de1_blinker.qip -library de1_blinker was ignored
    Warning (20014): Assignment for entity set_global_assignment -name IP_TOOL_ENV Qsys -entity de1_blinker_mm_interconnect_0_cmd_demux -qip de1_blinker/synthesis/de1_blinker.qip -library de1_blinker was ignored
Warning (20013): Ignored assignments for entity "de1_blinker_mm_interconnect_0_cmd_demux_001" -- entity does not exist in design
    Warning (20014): Assignment for entity set_global_assignment -name IP_TOOL_NAME altera_merlin_demultiplexer -entity de1_blinker_mm_interconnect_0_cmd_demux_001 -qip de1_blinker/synthesis/de1_blinker.qip -library de1_blinker was ignored
    Warning (20014): Assignment for entity set_global_assignment -name IP_TOOL_VERSION 15.0 -entity de1_blinker_mm_interconnect_0_cmd_demux_001 -qip de1_blinker/synthesis/de1_blinker.qip -library de1_blinker was ignored
    Warning (20014): Assignment for entity set_global_assignment -name IP_TOOL_ENV Qsys -entity de1_blinker_mm_interconnect_0_cmd_demux_001 -qip de1_blinker/synthesis/de1_blinker.qip -library de1_blinker was ignored
Warning (20013): Ignored assignments for entity "de1_blinker_mm_interconnect_0_cmd_mux" -- entity does not exist in design
    Warning (20014): Assignment for entity set_global_assignment -name IP_TOOL_NAME altera_merlin_multiplexer -entity de1_blinker_mm_interconnect_0_cmd_mux -qip de1_blinker/synthesis/de1_blinker.qip -library de1_blinker was ignored
    Warning (20014): Assignment for entity set_global_assignment -name IP_TOOL_VERSION 15.0 -entity de1_blinker_mm_interconnect_0_cmd_mux -qip de1_blinker/synthesis/de1_blinker.qip -library de1_blinker was ignored
    Warning (20014): Assignment for entity set_global_assignment -name IP_TOOL_ENV Qsys -entity de1_blinker_mm_interconnect_0_cmd_mux -qip de1_blinker/synthesis/de1_blinker.qip -library de1_blinker was ignored
Warning (20013): Ignored assignments for entity "de1_blinker_mm_interconnect_0_cmd_mux_002" -- entity does not exist in design
    Warning (20014): Assignment for entity set_global_assignment -name IP_TOOL_NAME altera_merlin_multiplexer -entity de1_blinker_mm_interconnect_0_cmd_mux_002 -qip de1_blinker/synthesis/de1_blinker.qip -library de1_blinker was ignored
    Warning (20014): Assignment for entity set_global_assignment -name IP_TOOL_VERSION 15.0 -entity de1_blinker_mm_interconnect_0_cmd_mux_002 -qip de1_blinker/synthesis/de1_blinker.qip -library de1_blinker was ignored
    Warning (20014): Assignment for entity set_global_assignment -name IP_TOOL_ENV Qsys -entity de1_blinker_mm_interconnect_0_cmd_mux_002 -qip de1_blinker/synthesis/de1_blinker.qip -library de1_blinker was ignored
Warning (20013): Ignored assignments for entity "de1_blinker_mm_interconnect_0_router" -- entity does not exist in design
    Warning (20014): Assignment for entity set_global_assignment -name IP_TOOL_NAME altera_merlin_router -entity de1_blinker_mm_interconnect_0_router -qip de1_blinker/synthesis/de1_blinker.qip -library de1_blinker was ignored
    Warning (20014): Assignment for entity set_global_assignment -name IP_TOOL_VERSION 15.0 -entity de1_blinker_mm_interconnect_0_router -qip de1_blinker/synthesis/de1_blinker.qip -library de1_blinker was ignored
    Warning (20014): Assignment for entity set_global_assignment -name IP_TOOL_ENV Qsys -entity de1_blinker_mm_interconnect_0_router -qip de1_blinker/synthesis/de1_blinker.qip -library de1_blinker was ignored
Warning (20013): Ignored assignments for entity "de1_blinker_mm_interconnect_0_router_001" -- entity does not exist in design
    Warning (20014): Assignment for entity set_global_assignment -name IP_TOOL_NAME altera_merlin_router -entity de1_blinker_mm_interconnect_0_router_001 -qip de1_blinker/synthesis/de1_blinker.qip -library de1_blinker was ignored
    Warning (20014): Assignment for entity set_global_assignment -name IP_TOOL_VERSION 15.0 -entity de1_blinker_mm_interconnect_0_router_001 -qip de1_blinker/synthesis/de1_blinker.qip -library de1_blinker was ignored
    Warning (20014): Assignment for entity set_global_assignment -name IP_TOOL_ENV Qsys -entity de1_blinker_mm_interconnect_0_router_001 -qip de1_blinker/synthesis/de1_blinker.qip -library de1_blinker was ignored
Warning (20013): Ignored assignments for entity "de1_blinker_mm_interconnect_0_router_002" -- entity does not exist in design
    Warning (20014): Assignment for entity set_global_assignment -name IP_TOOL_NAME altera_merlin_router -entity de1_blinker_mm_interconnect_0_router_002 -qip de1_blinker/synthesis/de1_blinker.qip -library de1_blinker was ignored
    Warning (20014): Assignment for entity set_global_assignment -name IP_TOOL_VERSION 15.0 -entity de1_blinker_mm_interconnect_0_router_002 -qip de1_blinker/synthesis/de1_blinker.qip -library de1_blinker was ignored
    Warning (20014): Assignment for entity set_global_assignment -name IP_TOOL_ENV Qsys -entity de1_blinker_mm_interconnect_0_router_002 -qip de1_blinker/synthesis/de1_blinker.qip -library de1_blinker was ignored
Warning (20013): Ignored assignments for entity "de1_blinker_mm_interconnect_0_router_004" -- entity does not exist in design
    Warning (20014): Assignment for entity set_global_assignment -name IP_TOOL_NAME altera_merlin_router -entity de1_blinker_mm_interconnect_0_router_004 -qip de1_blinker/synthesis/de1_blinker.qip -library de1_blinker was ignored
    Warning (20014): Assignment for entity set_global_assignment -name IP_TOOL_VERSION 15.0 -entity de1_blinker_mm_interconnect_0_router_004 -qip de1_blinker/synthesis/de1_blinker.qip -library de1_blinker was ignored
    Warning (20014): Assignment for entity set_global_assignment -name IP_TOOL_ENV Qsys -entity de1_blinker_mm_interconnect_0_router_004 -qip de1_blinker/synthesis/de1_blinker.qip -library de1_blinker was ignored
Warning (20013): Ignored assignments for entity "de1_blinker_mm_interconnect_0_rsp_demux" -- entity does not exist in design
    Warning (20014): Assignment for entity set_global_assignment -name IP_TOOL_NAME altera_merlin_demultiplexer -entity de1_blinker_mm_interconnect_0_rsp_demux -qip de1_blinker/synthesis/de1_blinker.qip -library de1_blinker was ignored
    Warning (20014): Assignment for entity set_global_assignment -name IP_TOOL_VERSION 15.0 -entity de1_blinker_mm_interconnect_0_rsp_demux -qip de1_blinker/synthesis/de1_blinker.qip -library de1_blinker was ignored
    Warning (20014): Assignment for entity set_global_assignment -name IP_TOOL_ENV Qsys -entity de1_blinker_mm_interconnect_0_rsp_demux -qip de1_blinker/synthesis/de1_blinker.qip -library de1_blinker was ignored
Warning (20013): Ignored assignments for entity "de1_blinker_mm_interconnect_0_rsp_mux" -- entity does not exist in design
    Warning (20014): Assignment for entity set_global_assignment -name IP_TOOL_NAME altera_merlin_multiplexer -entity de1_blinker_mm_interconnect_0_rsp_mux -qip de1_blinker/synthesis/de1_blinker.qip -library de1_blinker was ignored
    Warning (20014): Assignment for entity set_global_assignment -name IP_TOOL_VERSION 15.0 -entity de1_blinker_mm_interconnect_0_rsp_mux -qip de1_blinker/synthesis/de1_blinker.qip -library de1_blinker was ignored
    Warning (20014): Assignment for entity set_global_assignment -name IP_TOOL_ENV Qsys -entity de1_blinker_mm_interconnect_0_rsp_mux -qip de1_blinker/synthesis/de1_blinker.qip -library de1_blinker was ignored
Warning (20013): Ignored assignments for entity "de1_blinker_mm_interconnect_0_rsp_mux_001" -- entity does not exist in design
    Warning (20014): Assignment for entity set_global_assignment -name IP_TOOL_NAME altera_merlin_multiplexer -entity de1_blinker_mm_interconnect_0_rsp_mux_001 -qip de1_blinker/synthesis/de1_blinker.qip -library de1_blinker was ignored
    Warning (20014): Assignment for entity set_global_assignment -name IP_TOOL_VERSION 15.0 -entity de1_blinker_mm_interconnect_0_rsp_mux_001 -qip de1_blinker/synthesis/de1_blinker.qip -library de1_blinker was ignored
    Warning (20014): Assignment for entity set_global_assignment -name IP_TOOL_ENV Qsys -entity de1_blinker_mm_interconnect_0_rsp_mux_001 -qip de1_blinker/synthesis/de1_blinker.qip -library de1_blinker was ignored
Warning (20013): Ignored assignments for entity "de1_blinker_nios2_proc" -- entity does not exist in design
    Warning (20014): Assignment for entity set_global_assignment -name IP_TOOL_NAME altera_nios2_qsys -entity de1_blinker_nios2_proc -qip de1_blinker/synthesis/de1_blinker.qip -library de1_blinker was ignored
    Warning (20014): Assignment for entity set_global_assignment -name IP_TOOL_VERSION 15.0 -entity de1_blinker_nios2_proc -qip de1_blinker/synthesis/de1_blinker.qip -library de1_blinker was ignored
    Warning (20014): Assignment for entity set_global_assignment -name IP_TOOL_ENV Qsys -entity de1_blinker_nios2_proc -qip de1_blinker/synthesis/de1_blinker.qip -library de1_blinker was ignored
Warning (20013): Ignored assignments for entity "de1_blinker_onchip_memory" -- entity does not exist in design
    Warning (20014): Assignment for entity set_global_assignment -name IP_TOOL_NAME altera_avalon_onchip_memory2 -entity de1_blinker_onchip_memory -qip de1_blinker/synthesis/de1_blinker.qip -library de1_blinker was ignored
    Warning (20014): Assignment for entity set_global_assignment -name IP_TOOL_VERSION 15.0 -entity de1_blinker_onchip_memory -qip de1_blinker/synthesis/de1_blinker.qip -library de1_blinker was ignored
    Warning (20014): Assignment for entity set_global_assignment -name IP_TOOL_ENV Qsys -entity de1_blinker_onchip_memory -qip de1_blinker/synthesis/de1_blinker.qip -library de1_blinker was ignored
Warning (20013): Ignored assignments for entity "de1_blinker_sysid_1337" -- entity does not exist in design
    Warning (20014): Assignment for entity set_global_assignment -name IP_TOOL_NAME altera_avalon_sysid_qsys -entity de1_blinker_sysid_1337 -qip de1_blinker/synthesis/de1_blinker.qip -library de1_blinker was ignored
    Warning (20014): Assignment for entity set_global_assignment -name IP_TOOL_VERSION 15.0 -entity de1_blinker_sysid_1337 -qip de1_blinker/synthesis/de1_blinker.qip -library de1_blinker was ignored
    Warning (20014): Assignment for entity set_global_assignment -name IP_TOOL_ENV Qsys -entity de1_blinker_sysid_1337 -qip de1_blinker/synthesis/de1_blinker.qip -library de1_blinker was ignored
Info (204019): Generated file Blinker.vo in folder "C:/FPGA_Proj/Blinker_NiosII/simulation/qsim//" for EDA simulation tool
Info: Quartus II 64-Bit EDA Netlist Writer was successful. 0 errors, 120 warnings
    Info: Peak virtual memory: 4775 megabytes
    Info: Processing ended: Wed Feb 12 18:35:25 2025
    Info: Elapsed time: 00:00:02
    Info: Total CPU time (on all processors): 00:00:01


